[handleMsg]:  {
  key: {
    remoteJid: '584245187509@s.whatsapp.net',
    fromMe: false,
    id: '048F35B2D450B56AE06C2C07415B9606',
    participant: undefined
  },
  messageTimestamp: 1684008084,
  pushName: 'Hermes Balza',
  message: Message {
    conversation: 'Menu',
    messageContextInfo: MessageContextInfo {
      deviceListMetadata: [DeviceListMetadata],
      deviceListMetadataVersion: 2
    }
  },
  body: 'Menu',
  from: '584245187509'
}
[handleMsg]:  {
  key: {
    remoteJid: '584245187509@s.whatsapp.net',
    fromMe: false,
    id: '09DC8451918279068A03EB215640C12C',
    participant: undefined
  },
  messageTimestamp: 1684008092,
  pushName: 'Hermes Balza',
  message: Message {
    conversation: '4',
    messageContextInfo: MessageContextInfo {
      deviceListMetadata: [DeviceListMetadata],
      deviceListMetadataVersion: 2
    }
  },
  body: '4',
  from: '584245187509'
}
